# JRE version: OpenJDK Runtime Environment Temurin-21.0.8+9 (21.0.8+9) (build 21.0.8+9-LTS)
# Java VM: OpenJDK 64-Bit Server VM Temurin-21.0.8+9 (21.0.8+9-LTS, mixed mode, sharing, tiered, compressed oops, compressed class ptrs, parallel gc, windows-amd64)
GC Precious Log:
 CardTable entry size: 512
 CPUs: 4 total, 4 available
 Memory: 7538M
 Large Page Support: Disabled
 NUMA Support: Disabled
 Compressed Oops: Enabled (32-bit)
 Alignments: Space 512K, Generation 512K, Heap 2M
 Heap Min Capacity: 100M
 Heap Initial Capacity: 100M
 Heap Max Capacity: 2G
 Pre-touch: Disabled
 Parallel Workers: 4
Heap:
 PSYoungGen      total 2560K, used 2037K [0x00000000d5580000, 0x00000000d5980000, 0x0000000100000000)
  eden space 2048K, 91% used [0x00000000d5580000,0x00000000d5755460,0x00000000d5780000)
  from space 512K, 31% used [0x00000000d5880000,0x00000000d58a8000,0x00000000d5900000)
  to   space 512K, 0% used [0x00000000d5900000,0x00000000d5900000,0x00000000d5980000)
 ParOldGen       total 625664K, used 625264K [0x0000000080000000, 0x00000000a6300000, 0x00000000d5580000)
  object space 625664K, 99% used [0x0000000080000000,0x00000000a629c0e8,0x00000000a6300000)
 Metaspace       used 92133K, committed 93952K, reserved 1179648K
  class space    used 9574K, committed 10368K, reserved 1048576K
GC Heap History (20 events):
Event: 3960.229 GC heap before
{Heap before GC invocations=1780 (full 4):
 PSYoungGen      total 5632K, used 5344K [0x00000000d5580000, 0x00000000d5c00000, 0x0000000100000000)
  eden space 5120K, 100% used [0x00000000d5580000,0x00000000d5a80000,0x00000000d5a80000)
  from space 512K, 43% used [0x00000000d5b00000,0x00000000d5b38020,0x00000000d5b80000)
  to   space 512K, 0% used [0x00000000d5b80000,0x00000000d5b80000,0x00000000d5c00000)
 ParOldGen       total 619520K, used 619278K [0x0000000080000000, 0x00000000a5d00000, 0x00000000d5580000)
  object space 619520K, 99% used [0x0000000080000000,0x00000000a5cc3b78,0x00000000a5d00000)
 Metaspace       used 91827K, committed 93696K, reserved 1179648K
  class space    used 9529K, committed 10368K, reserved 1048576K
}
Event: 3960.237 GC heap after
{Heap after GC invocations=1780 (full 4):
 PSYoungGen      total 2560K, used 510K [0x00000000d5580000, 0x00000000d6280000, 0x0000000100000000)
  eden space 2048K, 0% used [0x00000000d5580000,0x00000000d5580000,0x00000000d5780000)
  from space 512K, 99% used [0x00000000d5b80000,0x00000000d5bffb90,0x00000000d5c00000)
  to   space 4096K, 0% used [0x00000000d5780000,0x00000000d5780000,0x00000000d5b80000)
 ParOldGen       total 622080K, used 622077K [0x0000000080000000, 0x00000000a5f80000, 0x00000000d5580000)
  object space 622080K, 99% used [0x0000000080000000,0x00000000a5f7f530,0x00000000a5f80000)
 Metaspace       used 91827K, committed 93696K, reserved 1179648K
  class space    used 9529K, committed 10368K, reserved 1048576K
}
Event: 3960.254 GC heap before
{Heap before GC invocations=1781 (full 4):
 PSYoungGen      total 2560K, used 2558K [0x00000000d5580000, 0x00000000d6280000, 0x0000000100000000)
  eden space 2048K, 100% used [0x00000000d5580000,0x00000000d5780000,0x00000000d5780000)
  from space 512K, 99% used [0x00000000d5b80000,0x00000000d5bffb90,0x00000000d5c00000)
  to   space 4096K, 0% used [0x00000000d5780000,0x00000000d5780000,0x00000000d5b80000)
 ParOldGen       total 622080K, used 622077K [0x0000000080000000, 0x00000000a5f80000, 0x00000000d5580000)
  object space 622080K, 99% used [0x0000000080000000,0x00000000a5f7f530,0x00000000a5f80000)
 Metaspace       used 91827K, committed 93696K, reserved 1179648K
  class space    used 9529K, committed 10368K, reserved 1048576K
}
Event: 3960.257 GC heap after
{Heap after GC invocations=1781 (full 4):
 PSYoungGen      total 4096K, used 1669K [0x00000000d5580000, 0x00000000d5c80000, 0x0000000100000000)
  eden space 2048K, 0% used [0x00000000d5580000,0x00000000d5580000,0x00000000d5780000)
  from space 2048K, 81% used [0x00000000d5780000,0x00000000d5921640,0x00000000d5980000)
  to   space 2560K, 0% used [0x00000000d5a00000,0x00000000d5a00000,0x00000000d5c80000)
 ParOldGen       total 623104K, used 622595K [0x0000000080000000, 0x00000000a6080000, 0x00000000d5580000)
  object space 623104K, 99% used [0x0000000080000000,0x00000000a6000c30,0x00000000a6080000)
 Metaspace       used 91827K, committed 93696K, reserved 1179648K
  class space    used 9529K, committed 10368K, reserved 1048576K
}
Event: 3960.279 GC heap before
{Heap before GC invocations=1782 (full 4):
 PSYoungGen      total 4096K, used 3717K [0x00000000d5580000, 0x00000000d5c80000, 0x0000000100000000)
  eden space 2048K, 100% used [0x00000000d5580000,0x00000000d5780000,0x00000000d5780000)
  from space 2048K, 81% used [0x00000000d5780000,0x00000000d5921640,0x00000000d5980000)
  to   space 2560K, 0% used [0x00000000d5a00000,0x00000000d5a00000,0x00000000d5c80000)
 ParOldGen       total 623104K, used 622595K [0x0000000080000000, 0x00000000a6080000, 0x00000000d5580000)
  object space 623104K, 99% used [0x0000000080000000,0x00000000a6000c30,0x00000000a6080000)
 Metaspace       used 91827K, committed 93696K, reserved 1179648K
  class space    used 9529K, committed 10368K, reserved 1048576K
}
Event: 3960.284 GC heap after
{Heap after GC invocations=1782 (full 4):
 PSYoungGen      total 4096K, used 1553K [0x00000000d5580000, 0x00000000d5c00000, 0x0000000100000000)
  eden space 2048K, 0% used [0x00000000d5580000,0x00000000d5580000,0x00000000d5780000)
  from space 2048K, 75% used [0x00000000d5a00000,0x00000000d5b84508,0x00000000d5c00000)
  to   space 2048K, 0% used [0x00000000d5780000,0x00000000d5780000,0x00000000d5980000)
 ParOldGen       total 624640K, used 624200K [0x0000000080000000, 0x00000000a6200000, 0x00000000d5580000)
  object space 624640K, 99% used [0x0000000080000000,0x00000000a61920d8,0x00000000a6200000)
 Metaspace       used 91827K, committed 93696K, reserved 1179648K
  class space    used 9529K, committed 10368K, reserved 1048576K
}
Event: 3999.989 GC heap before
{Heap before GC invocations=1783 (full 4):
 PSYoungGen      total 4096K, used 3599K [0x00000000d5580000, 0x00000000d5c00000, 0x0000000100000000)
  eden space 2048K, 99% used [0x00000000d5580000,0x00000000d577f828,0x00000000d5780000)
  from space 2048K, 75% used [0x00000000d5a00000,0x00000000d5b84508,0x00000000d5c00000)
  to   space 2048K, 0% used [0x00000000d5780000,0x00000000d5780000,0x00000000d5980000)
 ParOldGen       total 624640K, used 624200K [0x0000000080000000, 0x00000000a6200000, 0x00000000d5580000)
  object space 624640K, 99% used [0x0000000080000000,0x00000000a61920d8,0x00000000a6200000)
 Metaspace       used 91837K, committed 93696K, reserved 1179648K
  class space    used 9531K, committed 10368K, reserved 1048576K
}
Event: 3999.993 GC heap after
{Heap after GC invocations=1783 (full 4):
 PSYoungGen      total 3072K, used 768K [0x00000000d5580000, 0x00000000d5a80000, 0x0000000100000000)
  eden space 2048K, 0% used [0x00000000d5580000,0x00000000d5580000,0x00000000d5780000)
  from space 1024K, 75% used [0x00000000d5780000,0x00000000d5840000,0x00000000d5880000)
  to   space 1536K, 0% used [0x00000000d5900000,0x00000000d5900000,0x00000000d5a80000)
 ParOldGen       total 624640K, used 624400K [0x0000000080000000, 0x00000000a6200000, 0x00000000d5580000)
  object space 624640K, 99% used [0x0000000080000000,0x00000000a61c40d8,0x00000000a6200000)
 Metaspace       used 91837K, committed 93696K, reserved 1179648K
  class space    used 9531K, committed 10368K, reserved 1048576K
}
Event: 4036.695 GC heap before
{Heap before GC invocations=1784 (full 4):
 PSYoungGen      total 3072K, used 2248K [0x00000000d5580000, 0x00000000d5a80000, 0x0000000100000000)
  eden space 2048K, 72% used [0x00000000d5580000,0x00000000d56f23d8,0x00000000d5780000)
  from space 1024K, 75% used [0x00000000d5780000,0x00000000d5840000,0x00000000d5880000)
  to   space 1536K, 0% used [0x00000000d5900000,0x00000000d5900000,0x00000000d5a80000)
 ParOldGen       total 624640K, used 624400K [0x0000000080000000, 0x00000000a6200000, 0x00000000d5580000)
  object space 624640K, 99% used [0x0000000080000000,0x00000000a61c40d8,0x00000000a6200000)
 Metaspace       used 91881K, committed 93696K, reserved 1179648K
  class space    used 9541K, committed 10368K, reserved 1048576K
}
Event: 4036.697 GC heap after
{Heap after GC invocations=1784 (full 4):
 PSYoungGen      total 2560K, used 128K [0x00000000d5580000, 0x00000000d5980000, 0x0000000100000000)
  eden space 2048K, 0% used [0x00000000d5580000,0x00000000d5580000,0x00000000d5780000)
  from space 512K, 25% used [0x00000000d5900000,0x00000000d5920000,0x00000000d5980000)
  to   space 512K, 0% used [0x00000000d5880000,0x00000000d5880000,0x00000000d5900000)
 ParOldGen       total 625152K, used 625128K [0x0000000080000000, 0x00000000a6280000, 0x00000000d5580000)
  object space 625152K, 99% used [0x0000000080000000,0x00000000a627a0d8,0x00000000a6280000)
 Metaspace       used 91881K, committed 93696K, reserved 1179648K
  class space    used 9541K, committed 10368K, reserved 1048576K
}
Event: 4036.764 GC heap before
{Heap before GC invocations=1785 (full 4):
 PSYoungGen      total 2560K, used 1871K [0x00000000d5580000, 0x00000000d5980000, 0x0000000100000000)
  eden space 2048K, 85% used [0x00000000d5580000,0x00000000d5733de8,0x00000000d5780000)
  from space 512K, 25% used [0x00000000d5900000,0x00000000d5920000,0x00000000d5980000)
  to   space 512K, 0% used [0x00000000d5880000,0x00000000d5880000,0x00000000d5900000)
 ParOldGen       total 625152K, used 625128K [0x0000000080000000, 0x00000000a6280000, 0x00000000d5580000)
  object space 625152K, 99% used [0x0000000080000000,0x00000000a627a0d8,0x00000000a6280000)
 Metaspace       used 91883K, committed 93696K, reserved 1179648K
  class space    used 9541K, committed 10368K, reserved 1048576K
}
Event: 4036.767 GC heap after
{Heap after GC invocations=1785 (full 4):
 PSYoungGen      total 2560K, used 96K [0x00000000d5580000, 0x00000000d5980000, 0x0000000100000000)
  eden space 2048K, 0% used [0x00000000d5580000,0x00000000d5580000,0x00000000d5780000)
  from space 512K, 18% used [0x00000000d5880000,0x00000000d5898000,0x00000000d5900000)
  to   space 512K, 0% used [0x00000000d5900000,0x00000000d5900000,0x00000000d5980000)
 ParOldGen       total 625664K, used 625168K [0x0000000080000000, 0x00000000a6300000, 0x00000000d5580000)
  object space 625664K, 99% used [0x0000000080000000,0x00000000a62840e8,0x00000000a6300000)
 Metaspace       used 91883K, committed 93696K, reserved 1179648K
  class space    used 9541K, committed 10368K, reserved 1048576K
}
Event: 4036.830 GC heap before
{Heap before GC invocations=1786 (full 4):
 PSYoungGen      total 2560K, used 2054K [0x00000000d5580000, 0x00000000d5980000, 0x0000000100000000)
  eden space 2048K, 95% used [0x00000000d5580000,0x00000000d5769a98,0x00000000d5780000)
  from space 512K, 18% used [0x00000000d5880000,0x00000000d5898000,0x00000000d5900000)
  to   space 512K, 0% used [0x00000000d5900000,0x00000000d5900000,0x00000000d5980000)
 ParOldGen       total 625664K, used 625168K [0x0000000080000000, 0x00000000a6300000, 0x00000000d5580000)
  object space 625664K, 99% used [0x0000000080000000,0x00000000a62840e8,0x00000000a6300000)
 Metaspace       used 91883K, committed 93696K, reserved 1179648K
  class space    used 9541K, committed 10368K, reserved 1048576K
}
Event: 4036.831 GC heap after
{Heap after GC invocations=1786 (full 4):
 PSYoungGen      total 2560K, used 128K [0x00000000d5580000, 0x00000000d5980000, 0x0000000100000000)
  eden space 2048K, 0% used [0x00000000d5580000,0x00000000d5580000,0x00000000d5780000)
  from space 512K, 25% used [0x00000000d5900000,0x00000000d5920000,0x00000000d5980000)
  to   space 512K, 0% used [0x00000000d5880000,0x00000000d5880000,0x00000000d5900000)
 ParOldGen       total 625664K, used 625192K [0x0000000080000000, 0x00000000a6300000, 0x00000000d5580000)
  object space 625664K, 99% used [0x0000000080000000,0x00000000a628a0e8,0x00000000a6300000)
 Metaspace       used 91883K, committed 93696K, reserved 1179648K
  class space    used 9541K, committed 10368K, reserved 1048576K
}
Event: 4036.934 GC heap before
{Heap before GC invocations=1787 (full 4):
 PSYoungGen      total 2560K, used 2176K [0x00000000d5580000, 0x00000000d5980000, 0x0000000100000000)
  eden space 2048K, 100% used [0x00000000d5580000,0x00000000d5780000,0x00000000d5780000)
  from space 512K, 25% used [0x00000000d5900000,0x00000000d5920000,0x00000000d5980000)
  to   space 512K, 0% used [0x00000000d5880000,0x00000000d5880000,0x00000000d5900000)
 ParOldGen       total 625664K, used 625192K [0x0000000080000000, 0x00000000a6300000, 0x00000000d5580000)
  object space 625664K, 99% used [0x0000000080000000,0x00000000a628a0e8,0x00000000a6300000)
 Metaspace       used 91883K, committed 93696K, reserved 1179648K
  class space    used 9541K, committed 10368K, reserved 1048576K
}
Event: 4036.935 GC heap after
{Heap after GC invocations=1787 (full 4):
 PSYoungGen      total 2560K, used 128K [0x00000000d5580000, 0x00000000d5980000, 0x0000000100000000)
  eden space 2048K, 0% used [0x00000000d5580000,0x00000000d5580000,0x00000000d5780000)
  from space 512K, 25% used [0x00000000d5880000,0x00000000d58a0000,0x00000000d5900000)
  to   space 512K, 0% used [0x00000000d5900000,0x00000000d5900000,0x00000000d5980000)
 ParOldGen       total 625664K, used 625216K [0x0000000080000000, 0x00000000a6300000, 0x00000000d5580000)
  object space 625664K, 99% used [0x0000000080000000,0x00000000a62900e8,0x00000000a6300000)
 Metaspace       used 91883K, committed 93696K, reserved 1179648K
  class space    used 9541K, committed 10368K, reserved 1048576K
}
Event: 4037.020 GC heap before
{Heap before GC invocations=1788 (full 4):
 PSYoungGen      total 2560K, used 2176K [0x00000000d5580000, 0x00000000d5980000, 0x0000000100000000)
  eden space 2048K, 100% used [0x00000000d5580000,0x00000000d5780000,0x00000000d5780000)
  from space 512K, 25% used [0x00000000d5880000,0x00000000d58a0000,0x00000000d5900000)
  to   space 512K, 0% used [0x00000000d5900000,0x00000000d5900000,0x00000000d5980000)
 ParOldGen       total 625664K, used 625216K [0x0000000080000000, 0x00000000a6300000, 0x00000000d5580000)
  object space 625664K, 99% used [0x0000000080000000,0x00000000a62900e8,0x00000000a6300000)
 Metaspace       used 91884K, committed 93696K, reserved 1179648K
  class space    used 9541K, committed 10368K, reserved 1048576K
}
Event: 4037.022 GC heap after
{Heap after GC invocations=1788 (full 4):
 PSYoungGen      total 2560K, used 96K [0x00000000d5580000, 0x00000000d5980000, 0x0000000100000000)
  eden space 2048K, 0% used [0x00000000d5580000,0x00000000d5580000,0x00000000d5780000)
  from space 512K, 18% used [0x00000000d5900000,0x00000000d5918000,0x00000000d5980000)
  to   space 512K, 0% used [0x00000000d5880000,0x00000000d5880000,0x00000000d5900000)
 ParOldGen       total 625664K, used 625240K [0x0000000080000000, 0x00000000a6300000, 0x00000000d5580000)
  object space 625664K, 99% used [0x0000000080000000,0x00000000a62960e8,0x00000000a6300000)
 Metaspace       used 91884K, committed 93696K, reserved 1179648K
  class space    used 9541K, committed 10368K, reserved 1048576K
}
Event: 4037.182 GC heap before
{Heap before GC invocations=1789 (full 4):
 PSYoungGen      total 2560K, used 2144K [0x00000000d5580000, 0x00000000d5980000, 0x0000000100000000)
  eden space 2048K, 100% used [0x00000000d5580000,0x00000000d5780000,0x00000000d5780000)
  from space 512K, 18% used [0x00000000d5900000,0x00000000d5918000,0x00000000d5980000)
  to   space 512K, 0% used [0x00000000d5880000,0x00000000d5880000,0x00000000d5900000)
 ParOldGen       total 625664K, used 625240K [0x0000000080000000, 0x00000000a6300000, 0x00000000d5580000)
  object space 625664K, 99% used [0x0000000080000000,0x00000000a62960e8,0x00000000a6300000)
 Metaspace       used 92023K, committed 93824K, reserved 1179648K
  class space    used 9561K, committed 10368K, reserved 1048576K
}
Event: 4037.184 GC heap after
{Heap after GC invocations=1789 (full 4):
 PSYoungGen      total 2560K, used 160K [0x00000000d5580000, 0x00000000d5980000, 0x0000000100000000)
  eden space 2048K, 0% used [0x00000000d5580000,0x00000000d5580000,0x00000000d5780000)
  from space 512K, 31% used [0x00000000d5880000,0x00000000d58a8000,0x00000000d5900000)
  to   space 512K, 0% used [0x00000000d5900000,0x00000000d5900000,0x00000000d5980000)
 ParOldGen       total 625664K, used 625264K [0x0000000080000000, 0x00000000a6300000, 0x00000000d5580000)
  object space 625664K, 99% used [0x0000000080000000,0x00000000a629c0e8,0x00000000a6300000)
 Metaspace       used 92023K, committed 93824K, reserved 1179648K
  class space    used 9561K, committed 10368K, reserved 1048576K
}

