# JRE version: OpenJDK Runtime Environment Temurin-21.0.8+9 (21.0.8+9) (build 21.0.8+9-LTS)
# Java VM: OpenJDK 64-Bit Server VM Temurin-21.0.8+9 (21.0.8+9-LTS, mixed mode, sharing, tiered, compressed oops, compressed class ptrs, parallel gc, windows-amd64)
GC Precious Log:
 CardTable entry size: 512
 CPUs: 4 total, 4 available
 Memory: 7538M
 Large Page Support: Disabled
 NUMA Support: Disabled
 Compressed Oops: Enabled (32-bit)
 Alignments: Space 512K, Generation 512K, Heap 2M
 Heap Min Capacity: 100M
 Heap Initial Capacity: 100M
 Heap Max Capacity: 2G
 Pre-touch: Disabled
 Parallel Workers: 4
Heap:
 PSYoungGen      total 13824K, used 11364K [0x00000000d5580000, 0x00000000d6500000, 0x0000000100000000)
  eden space 12800K, 83% used [0x00000000d5580000,0x00000000d5fead88,0x00000000d6200000)
  from space 1024K, 68% used [0x00000000d6400000,0x00000000d64ae460,0x00000000d6500000)
  to   space 1536K, 0% used [0x00000000d6200000,0x00000000d6200000,0x00000000d6380000)
 ParOldGen       total 922112K, used 921015K [0x0000000080000000, 0x00000000b8480000, 0x00000000d5580000)
  object space 922112K, 99% used [0x0000000080000000,0x00000000b836de70,0x00000000b8480000)
 Metaspace       used 77523K, committed 79168K, reserved 1179648K
  class space    used 8226K, committed 8960K, reserved 1048576K
GC Heap History (20 events):
Event: 450.746 GC heap before
{Heap before GC invocations=816 (full 3):
 PSYoungGen      total 13824K, used 13352K [0x00000000d5580000, 0x00000000d6500000, 0x0000000100000000)
  eden space 12800K, 100% used [0x00000000d5580000,0x00000000d6200000,0x00000000d6200000)
  from space 1024K, 53% used [0x00000000d6400000,0x00000000d648a1b0,0x00000000d6500000)
  to   space 1024K, 0% used [0x00000000d6300000,0x00000000d6300000,0x00000000d6400000)
 ParOldGen       total 885760K, used 885418K [0x0000000080000000, 0x00000000b6100000, 0x00000000d5580000)
  object space 885760K, 99% used [0x0000000080000000,0x00000000b60aa830,0x00000000b6100000)
 Metaspace       used 73665K, committed 75200K, reserved 1179648K
  class space    used 7802K, committed 8512K, reserved 1048576K
}
Event: 450.749 GC heap after
{Heap after GC invocations=816 (full 3):
 PSYoungGen      total 13824K, used 384K [0x00000000d5580000, 0x00000000d6480000, 0x0000000100000000)
  eden space 12800K, 0% used [0x00000000d5580000,0x00000000d5580000,0x00000000d6200000)
  from space 1024K, 37% used [0x00000000d6300000,0x00000000d6360150,0x00000000d6400000)
  to   space 512K, 0% used [0x00000000d6400000,0x00000000d6400000,0x00000000d6480000)
 ParOldGen       total 886272K, used 885903K [0x0000000080000000, 0x00000000b6180000, 0x00000000d5580000)
  object space 886272K, 99% used [0x0000000080000000,0x00000000b6123e78,0x00000000b6180000)
 Metaspace       used 73665K, committed 75200K, reserved 1179648K
  class space    used 7802K, committed 8512K, reserved 1048576K
}
Event: 450.788 GC heap before
{Heap before GC invocations=817 (full 3):
 PSYoungGen      total 13824K, used 13184K [0x00000000d5580000, 0x00000000d6480000, 0x0000000100000000)
  eden space 12800K, 100% used [0x00000000d5580000,0x00000000d6200000,0x00000000d6200000)
  from space 1024K, 37% used [0x00000000d6300000,0x00000000d6360150,0x00000000d6400000)
  to   space 512K, 0% used [0x00000000d6400000,0x00000000d6400000,0x00000000d6480000)
 ParOldGen       total 886272K, used 885903K [0x0000000080000000, 0x00000000b6180000, 0x00000000d5580000)
  object space 886272K, 99% used [0x0000000080000000,0x00000000b6123e78,0x00000000b6180000)
 Metaspace       used 73665K, committed 75200K, reserved 1179648K
  class space    used 7802K, committed 8512K, reserved 1048576K
}
Event: 450.792 GC heap after
{Heap after GC invocations=817 (full 3):
 PSYoungGen      total 13312K, used 459K [0x00000000d5580000, 0x00000000d6480000, 0x0000000100000000)
  eden space 12800K, 0% used [0x00000000d5580000,0x00000000d5580000,0x00000000d6200000)
  from space 512K, 89% used [0x00000000d6400000,0x00000000d6472fb0,0x00000000d6480000)
  to   space 512K, 0% used [0x00000000d6380000,0x00000000d6380000,0x00000000d6400000)
 ParOldGen       total 886272K, used 886171K [0x0000000080000000, 0x00000000b6180000, 0x00000000d5580000)
  object space 886272K, 99% used [0x0000000080000000,0x00000000b6166d80,0x00000000b6180000)
 Metaspace       used 73665K, committed 75200K, reserved 1179648K
  class space    used 7802K, committed 8512K, reserved 1048576K
}
Event: 450.819 GC heap before
{Heap before GC invocations=818 (full 3):
 PSYoungGen      total 13312K, used 13259K [0x00000000d5580000, 0x00000000d6480000, 0x0000000100000000)
  eden space 12800K, 100% used [0x00000000d5580000,0x00000000d6200000,0x00000000d6200000)
  from space 512K, 89% used [0x00000000d6400000,0x00000000d6472fb0,0x00000000d6480000)
  to   space 512K, 0% used [0x00000000d6380000,0x00000000d6380000,0x00000000d6400000)
 ParOldGen       total 886272K, used 886171K [0x0000000080000000, 0x00000000b6180000, 0x00000000d5580000)
  object space 886272K, 99% used [0x0000000080000000,0x00000000b6166d80,0x00000000b6180000)
 Metaspace       used 73665K, committed 75200K, reserved 1179648K
  class space    used 7802K, committed 8512K, reserved 1048576K
}
Event: 450.823 GC heap after
{Heap after GC invocations=818 (full 3):
 PSYoungGen      total 13312K, used 463K [0x00000000d5580000, 0x00000000d6480000, 0x0000000100000000)
  eden space 12800K, 0% used [0x00000000d5580000,0x00000000d5580000,0x00000000d6200000)
  from space 512K, 90% used [0x00000000d6380000,0x00000000d63f3de0,0x00000000d6400000)
  to   space 512K, 0% used [0x00000000d6400000,0x00000000d6400000,0x00000000d6480000)
 ParOldGen       total 886784K, used 886547K [0x0000000080000000, 0x00000000b6200000, 0x00000000d5580000)
  object space 886784K, 99% used [0x0000000080000000,0x00000000b61c4ff8,0x00000000b6200000)
 Metaspace       used 73665K, committed 75200K, reserved 1179648K
  class space    used 7802K, committed 8512K, reserved 1048576K
}
Event: 450.868 GC heap before
{Heap before GC invocations=819 (full 3):
 PSYoungGen      total 13312K, used 13263K [0x00000000d5580000, 0x00000000d6480000, 0x0000000100000000)
  eden space 12800K, 100% used [0x00000000d5580000,0x00000000d6200000,0x00000000d6200000)
  from space 512K, 90% used [0x00000000d6380000,0x00000000d63f3de0,0x00000000d6400000)
  to   space 512K, 0% used [0x00000000d6400000,0x00000000d6400000,0x00000000d6480000)
 ParOldGen       total 886784K, used 886547K [0x0000000080000000, 0x00000000b6200000, 0x00000000d5580000)
  object space 886784K, 99% used [0x0000000080000000,0x00000000b61c4ff8,0x00000000b6200000)
 Metaspace       used 73720K, committed 75264K, reserved 1179648K
  class space    used 7816K, committed 8512K, reserved 1048576K
}
Event: 450.873 GC heap after
{Heap after GC invocations=819 (full 3):
 PSYoungGen      total 13312K, used 496K [0x00000000d5580000, 0x00000000d6500000, 0x0000000100000000)
  eden space 12800K, 0% used [0x00000000d5580000,0x00000000d5580000,0x00000000d6200000)
  from space 512K, 96% used [0x00000000d6400000,0x00000000d647c010,0x00000000d6480000)
  to   space 1536K, 0% used [0x00000000d6200000,0x00000000d6200000,0x00000000d6380000)
 ParOldGen       total 887296K, used 887077K [0x0000000080000000, 0x00000000b6280000, 0x00000000d5580000)
  object space 887296K, 99% used [0x0000000080000000,0x00000000b6249438,0x00000000b6280000)
 Metaspace       used 73720K, committed 75264K, reserved 1179648K
  class space    used 7816K, committed 8512K, reserved 1048576K
}
Event: 450.979 GC heap before
{Heap before GC invocations=820 (full 3):
 PSYoungGen      total 13312K, used 13296K [0x00000000d5580000, 0x00000000d6500000, 0x0000000100000000)
  eden space 12800K, 100% used [0x00000000d5580000,0x00000000d6200000,0x00000000d6200000)
  from space 512K, 96% used [0x00000000d6400000,0x00000000d647c010,0x00000000d6480000)
  to   space 1536K, 0% used [0x00000000d6200000,0x00000000d6200000,0x00000000d6380000)
 ParOldGen       total 887296K, used 887077K [0x0000000080000000, 0x00000000b6280000, 0x00000000d5580000)
  object space 887296K, 99% used [0x0000000080000000,0x00000000b6249438,0x00000000b6280000)
 Metaspace       used 73749K, committed 75264K, reserved 1179648K
  class space    used 7817K, committed 8512K, reserved 1048576K
}
Event: 450.988 GC heap after
{Heap after GC invocations=820 (full 3):
 PSYoungGen      total 14336K, used 1436K [0x00000000d5580000, 0x00000000d6500000, 0x0000000100000000)
  eden space 12800K, 0% used [0x00000000d5580000,0x00000000d5580000,0x00000000d6200000)
  from space 1536K, 93% used [0x00000000d6200000,0x00000000d6367328,0x00000000d6380000)
  to   space 1536K, 0% used [0x00000000d6380000,0x00000000d6380000,0x00000000d6500000)
 ParOldGen       total 887808K, used 887589K [0x0000000080000000, 0x00000000b6300000, 0x00000000d5580000)
  object space 887808K, 99% used [0x0000000080000000,0x00000000b62c9448,0x00000000b6300000)
 Metaspace       used 73749K, committed 75264K, reserved 1179648K
  class space    used 7817K, committed 8512K, reserved 1048576K
}
Event: 451.095 GC heap before
{Heap before GC invocations=821 (full 3):
 PSYoungGen      total 14336K, used 14236K [0x00000000d5580000, 0x00000000d6500000, 0x0000000100000000)
  eden space 12800K, 100% used [0x00000000d5580000,0x00000000d6200000,0x00000000d6200000)
  from space 1536K, 93% used [0x00000000d6200000,0x00000000d6367328,0x00000000d6380000)
  to   space 1536K, 0% used [0x00000000d6380000,0x00000000d6380000,0x00000000d6500000)
 ParOldGen       total 887808K, used 887589K [0x0000000080000000, 0x00000000b6300000, 0x00000000d5580000)
  object space 887808K, 99% used [0x0000000080000000,0x00000000b62c9448,0x00000000b6300000)
 Metaspace       used 73764K, committed 75328K, reserved 1179648K
  class space    used 7817K, committed 8512K, reserved 1048576K
}
Event: 451.100 GC heap after
{Heap after GC invocations=821 (full 3):
 PSYoungGen      total 13824K, used 617K [0x00000000d5580000, 0x00000000d6480000, 0x0000000100000000)
  eden space 12800K, 0% used [0x00000000d5580000,0x00000000d5580000,0x00000000d6200000)
  from space 1024K, 60% used [0x00000000d6380000,0x00000000d641a540,0x00000000d6480000)
  to   space 1024K, 0% used [0x00000000d6280000,0x00000000d6280000,0x00000000d6380000)
 ParOldGen       total 888832K, used 888374K [0x0000000080000000, 0x00000000b6400000, 0x00000000d5580000)
  object space 888832K, 99% used [0x0000000080000000,0x00000000b638db28,0x00000000b6400000)
 Metaspace       used 73764K, committed 75328K, reserved 1179648K
  class space    used 7817K, committed 8512K, reserved 1048576K
}
Event: 451.432 GC heap before
{Heap before GC invocations=822 (full 3):
 PSYoungGen      total 13824K, used 13417K [0x00000000d5580000, 0x00000000d6480000, 0x0000000100000000)
  eden space 12800K, 100% used [0x00000000d5580000,0x00000000d6200000,0x00000000d6200000)
  from space 1024K, 60% used [0x00000000d6380000,0x00000000d641a540,0x00000000d6480000)
  to   space 1024K, 0% used [0x00000000d6280000,0x00000000d6280000,0x00000000d6380000)
 ParOldGen       total 888832K, used 888374K [0x0000000080000000, 0x00000000b6400000, 0x00000000d5580000)
  object space 888832K, 99% used [0x0000000080000000,0x00000000b638db28,0x00000000b6400000)
 Metaspace       used 74247K, committed 75840K, reserved 1179648K
  class space    used 7854K, committed 8576K, reserved 1048576K
}
Event: 451.436 GC heap after
{Heap after GC invocations=822 (full 3):
 PSYoungGen      total 13824K, used 96K [0x00000000d5580000, 0x00000000d6400000, 0x0000000100000000)
  eden space 12800K, 0% used [0x00000000d5580000,0x00000000d5580000,0x00000000d6200000)
  from space 1024K, 9% used [0x00000000d6280000,0x00000000d6298000,0x00000000d6380000)
  to   space 512K, 0% used [0x00000000d6380000,0x00000000d6380000,0x00000000d6400000)
 ParOldGen       total 888832K, used 888390K [0x0000000080000000, 0x00000000b6400000, 0x00000000d5580000)
  object space 888832K, 99% used [0x0000000080000000,0x00000000b6391b28,0x00000000b6400000)
 Metaspace       used 74247K, committed 75840K, reserved 1179648K
  class space    used 7854K, committed 8576K, reserved 1048576K
}
Event: 451.864 GC heap before
{Heap before GC invocations=823 (full 3):
 PSYoungGen      total 13824K, used 12893K [0x00000000d5580000, 0x00000000d6400000, 0x0000000100000000)
  eden space 12800K, 99% used [0x00000000d5580000,0x00000000d61ff6d8,0x00000000d6200000)
  from space 1024K, 9% used [0x00000000d6280000,0x00000000d6298000,0x00000000d6380000)
  to   space 512K, 0% used [0x00000000d6380000,0x00000000d6380000,0x00000000d6400000)
 ParOldGen       total 888832K, used 888390K [0x0000000080000000, 0x00000000b6400000, 0x00000000d5580000)
  object space 888832K, 99% used [0x0000000080000000,0x00000000b6391b28,0x00000000b6400000)
 Metaspace       used 76055K, committed 77632K, reserved 1179648K
  class space    used 8057K, committed 8768K, reserved 1048576K
}
Event: 451.871 GC heap after
{Heap after GC invocations=823 (full 3):
 PSYoungGen      total 13312K, used 512K [0x00000000d5580000, 0x00000000d6400000, 0x0000000100000000)
  eden space 12800K, 0% used [0x00000000d5580000,0x00000000d5580000,0x00000000d6200000)
  from space 512K, 100% used [0x00000000d6380000,0x00000000d6400000,0x00000000d6400000)
  to   space 1024K, 0% used [0x00000000d6200000,0x00000000d6200000,0x00000000d6300000)
 ParOldGen       total 888832K, used 888649K [0x0000000080000000, 0x00000000b6400000, 0x00000000d5580000)
  object space 888832K, 99% used [0x0000000080000000,0x00000000b63d26f0,0x00000000b6400000)
 Metaspace       used 76055K, committed 77632K, reserved 1179648K
  class space    used 8057K, committed 8768K, reserved 1048576K
}
Event: 452.320 GC heap before
{Heap before GC invocations=824 (full 3):
 PSYoungGen      total 13312K, used 13312K [0x00000000d5580000, 0x00000000d6400000, 0x0000000100000000)
  eden space 12800K, 100% used [0x00000000d5580000,0x00000000d6200000,0x00000000d6200000)
  from space 512K, 100% used [0x00000000d6380000,0x00000000d6400000,0x00000000d6400000)
  to   space 1024K, 0% used [0x00000000d6200000,0x00000000d6200000,0x00000000d6300000)
 ParOldGen       total 888832K, used 888649K [0x0000000080000000, 0x00000000b6400000, 0x00000000d5580000)
  object space 888832K, 99% used [0x0000000080000000,0x00000000b63d26f0,0x00000000b6400000)
 Metaspace       used 76982K, committed 78592K, reserved 1179648K
  class space    used 8171K, committed 8896K, reserved 1048576K
}
Event: 452.332 GC heap after
{Heap after GC invocations=824 (full 3):
 PSYoungGen      total 13824K, used 1018K [0x00000000d5580000, 0x00000000d6600000, 0x0000000100000000)
  eden space 12800K, 0% used [0x00000000d5580000,0x00000000d5580000,0x00000000d6200000)
  from space 1024K, 99% used [0x00000000d6200000,0x00000000d62fea28,0x00000000d6300000)
  to   space 2048K, 0% used [0x00000000d6400000,0x00000000d6400000,0x00000000d6600000)
 ParOldGen       total 889344K, used 889279K [0x0000000080000000, 0x00000000b6480000, 0x00000000d5580000)
  object space 889344K, 99% used [0x0000000080000000,0x00000000b646ff38,0x00000000b6480000)
 Metaspace       used 76982K, committed 78592K, reserved 1179648K
  class space    used 8171K, committed 8896K, reserved 1048576K
}
Event: 453.045 GC heap before
{Heap before GC invocations=825 (full 3):
 PSYoungGen      total 13824K, used 13817K [0x00000000d5580000, 0x00000000d6600000, 0x0000000100000000)
  eden space 12800K, 99% used [0x00000000d5580000,0x00000000d61ffb10,0x00000000d6200000)
  from space 1024K, 99% used [0x00000000d6200000,0x00000000d62fea28,0x00000000d6300000)
  to   space 2048K, 0% used [0x00000000d6400000,0x00000000d6400000,0x00000000d6600000)
 ParOldGen       total 889344K, used 889279K [0x0000000080000000, 0x00000000b6480000, 0x00000000d5580000)
  object space 889344K, 99% used [0x0000000080000000,0x00000000b646ff38,0x00000000b6480000)
 Metaspace       used 77393K, committed 78976K, reserved 1179648K
  class space    used 8216K, committed 8960K, reserved 1048576K
}
Event: 453.050 GC heap after
{Heap after GC invocations=825 (full 3):
 PSYoungGen      total 13824K, used 697K [0x00000000d5580000, 0x00000000d6500000, 0x0000000100000000)
  eden space 12800K, 0% used [0x00000000d5580000,0x00000000d5580000,0x00000000d6200000)
  from space 1024K, 68% used [0x00000000d6400000,0x00000000d64ae460,0x00000000d6500000)
  to   space 1536K, 0% used [0x00000000d6200000,0x00000000d6200000,0x00000000d6380000)
 ParOldGen       total 890368K, used 890295K [0x0000000080000000, 0x00000000b6580000, 0x00000000d5580000)
  object space 890368K, 99% used [0x0000000080000000,0x00000000b656de40,0x00000000b6580000)
 Metaspace       used 77393K, committed 78976K, reserved 1179648K
  class space    used 8216K, committed 8960K, reserved 1048576K
}

