# JRE version: OpenJDK Runtime Environment Temurin-21.0.8+9 (21.0.8+9) (build 21.0.8+9-LTS)
# Java VM: OpenJDK 64-Bit Server VM Temurin-21.0.8+9 (21.0.8+9-LTS, mixed mode, sharing, tiered, compressed oops, compressed class ptrs, parallel gc, windows-amd64)
GC Precious Log:
 CardTable entry size: 512
 CPUs: 4 total, 4 available
 Memory: 7538M
 Large Page Support: Disabled
 NUMA Support: Disabled
 Compressed Oops: Enabled (32-bit)
 Alignments: Space 512K, Generation 512K, Heap 2M
 Heap Min Capacity: 100M
 Heap Initial Capacity: 100M
 Heap Max Capacity: 2G
 Pre-touch: Disabled
 Parallel Workers: 4
Heap:
 PSYoungGen      total 3584K, used 1599K [0x00000000d5580000, 0x00000000d5c00000, 0x0000000100000000)
  eden space 3072K, 47% used [0x00000000d5580000,0x00000000d56efa40,0x00000000d5880000)
  from space 512K, 25% used [0x00000000d5b80000,0x00000000d5ba0540,0x00000000d5c00000)
  to   space 512K, 0% used [0x00000000d5980000,0x00000000d5980000,0x00000000d5a00000)
 ParOldGen       total 468480K, used 301309K [0x0000000080000000, 0x000000009c980000, 0x00000000d5580000)
  object space 468480K, 64% used [0x0000000080000000,0x000000009263f738,0x000000009c980000)
 Metaspace       used 86893K, committed 88768K, reserved 1179648K
  class space    used 9050K, committed 9920K, reserved 1048576K
GC Heap History (20 events):
Event: 281.855 GC heap before
{Heap before GC invocations=979 (full 4):
 PSYoungGen      total 3584K, used 3220K [0x00000000d5580000, 0x00000000d5a80000, 0x0000000100000000)
  eden space 3072K, 100% used [0x00000000d5580000,0x00000000d5880000,0x00000000d5880000)
  from space 512K, 29% used [0x00000000d5a00000,0x00000000d5a25200,0x00000000d5a80000)
  to   space 512K, 0% used [0x00000000d5980000,0x00000000d5980000,0x00000000d5a00000)
 ParOldGen       total 468480K, used 296378K [0x0000000080000000, 0x000000009c980000, 0x00000000d5580000)
  object space 468480K, 63% used [0x0000000080000000,0x000000009216eaa8,0x000000009c980000)
 Metaspace       used 86656K, committed 88448K, reserved 1179648K
  class space    used 9022K, committed 9856K, reserved 1048576K
}
Event: 281.857 GC heap after
{Heap after GC invocations=979 (full 4):
 PSYoungGen      total 3584K, used 128K [0x00000000d5580000, 0x00000000d5a80000, 0x0000000100000000)
  eden space 3072K, 0% used [0x00000000d5580000,0x00000000d5580000,0x00000000d5880000)
  from space 512K, 25% used [0x00000000d5980000,0x00000000d59a0000,0x00000000d5a00000)
  to   space 512K, 0% used [0x00000000d5a00000,0x00000000d5a00000,0x00000000d5a80000)
 ParOldGen       total 468480K, used 296386K [0x0000000080000000, 0x000000009c980000, 0x00000000d5580000)
  object space 468480K, 63% used [0x0000000080000000,0x0000000092170aa8,0x000000009c980000)
 Metaspace       used 86656K, committed 88448K, reserved 1179648K
  class space    used 9022K, committed 9856K, reserved 1048576K
}
Event: 281.871 GC heap before
{Heap before GC invocations=980 (full 4):
 PSYoungGen      total 3584K, used 3200K [0x00000000d5580000, 0x00000000d5a80000, 0x0000000100000000)
  eden space 3072K, 100% used [0x00000000d5580000,0x00000000d5880000,0x00000000d5880000)
  from space 512K, 25% used [0x00000000d5980000,0x00000000d59a0000,0x00000000d5a00000)
  to   space 512K, 0% used [0x00000000d5a00000,0x00000000d5a00000,0x00000000d5a80000)
 ParOldGen       total 468480K, used 296386K [0x0000000080000000, 0x000000009c980000, 0x00000000d5580000)
  object space 468480K, 63% used [0x0000000080000000,0x0000000092170aa8,0x000000009c980000)
 Metaspace       used 86656K, committed 88448K, reserved 1179648K
  class space    used 9022K, committed 9856K, reserved 1048576K
}
Event: 281.873 GC heap after
{Heap after GC invocations=980 (full 4):
 PSYoungGen      total 3584K, used 489K [0x00000000d5580000, 0x00000000d5a80000, 0x0000000100000000)
  eden space 3072K, 0% used [0x00000000d5580000,0x00000000d5580000,0x00000000d5880000)
  from space 512K, 95% used [0x00000000d5a00000,0x00000000d5a7a430,0x00000000d5a80000)
  to   space 1024K, 0% used [0x00000000d5880000,0x00000000d5880000,0x00000000d5980000)
 ParOldGen       total 468480K, used 296780K [0x0000000080000000, 0x000000009c980000, 0x00000000d5580000)
  object space 468480K, 63% used [0x0000000080000000,0x00000000921d30e8,0x000000009c980000)
 Metaspace       used 86656K, committed 88448K, reserved 1179648K
  class space    used 9022K, committed 9856K, reserved 1048576K
}
Event: 281.884 GC heap before
{Heap before GC invocations=981 (full 4):
 PSYoungGen      total 3584K, used 3561K [0x00000000d5580000, 0x00000000d5a80000, 0x0000000100000000)
  eden space 3072K, 100% used [0x00000000d5580000,0x00000000d5880000,0x00000000d5880000)
  from space 512K, 95% used [0x00000000d5a00000,0x00000000d5a7a430,0x00000000d5a80000)
  to   space 1024K, 0% used [0x00000000d5880000,0x00000000d5880000,0x00000000d5980000)
 ParOldGen       total 468480K, used 296780K [0x0000000080000000, 0x000000009c980000, 0x00000000d5580000)
  object space 468480K, 63% used [0x0000000080000000,0x00000000921d30e8,0x000000009c980000)
 Metaspace       used 86656K, committed 88448K, reserved 1179648K
  class space    used 9022K, committed 9856K, reserved 1048576K
}
Event: 281.890 GC heap after
{Heap after GC invocations=981 (full 4):
 PSYoungGen      total 4096K, used 1024K [0x00000000d5580000, 0x00000000d6080000, 0x0000000100000000)
  eden space 3072K, 0% used [0x00000000d5580000,0x00000000d5580000,0x00000000d5880000)
  from space 1024K, 100% used [0x00000000d5880000,0x00000000d5980000,0x00000000d5980000)
  to   space 4096K, 0% used [0x00000000d5c80000,0x00000000d5c80000,0x00000000d6080000)
 ParOldGen       total 468480K, used 298997K [0x0000000080000000, 0x000000009c980000, 0x00000000d5580000)
  object space 468480K, 63% used [0x0000000080000000,0x00000000923fd518,0x000000009c980000)
 Metaspace       used 86656K, committed 88448K, reserved 1179648K
  class space    used 9022K, committed 9856K, reserved 1048576K
}
Event: 281.905 GC heap before
{Heap before GC invocations=982 (full 4):
 PSYoungGen      total 4096K, used 4096K [0x00000000d5580000, 0x00000000d6080000, 0x0000000100000000)
  eden space 3072K, 100% used [0x00000000d5580000,0x00000000d5880000,0x00000000d5880000)
  from space 1024K, 100% used [0x00000000d5880000,0x00000000d5980000,0x00000000d5980000)
  to   space 4096K, 0% used [0x00000000d5c80000,0x00000000d5c80000,0x00000000d6080000)
 ParOldGen       total 468480K, used 298997K [0x0000000080000000, 0x000000009c980000, 0x00000000d5580000)
  object space 468480K, 63% used [0x0000000080000000,0x00000000923fd518,0x000000009c980000)
 Metaspace       used 86656K, committed 88448K, reserved 1179648K
  class space    used 9022K, committed 9856K, reserved 1048576K
}
Event: 281.913 GC heap after
{Heap after GC invocations=982 (full 4):
 PSYoungGen      total 6144K, used 2930K [0x00000000d5580000, 0x00000000d5f80000, 0x0000000100000000)
  eden space 3072K, 0% used [0x00000000d5580000,0x00000000d5580000,0x00000000d5880000)
  from space 3072K, 95% used [0x00000000d5c80000,0x00000000d5f5c860,0x00000000d5f80000)
  to   space 3072K, 0% used [0x00000000d5980000,0x00000000d5980000,0x00000000d5c80000)
 ParOldGen       total 468480K, used 300037K [0x0000000080000000, 0x000000009c980000, 0x00000000d5580000)
  object space 468480K, 64% used [0x0000000080000000,0x0000000092501518,0x000000009c980000)
 Metaspace       used 86656K, committed 88448K, reserved 1179648K
  class space    used 9022K, committed 9856K, reserved 1048576K
}
Event: 281.991 GC heap before
{Heap before GC invocations=983 (full 4):
 PSYoungGen      total 6144K, used 5989K [0x00000000d5580000, 0x00000000d5f80000, 0x0000000100000000)
  eden space 3072K, 99% used [0x00000000d5580000,0x00000000d587cf48,0x00000000d5880000)
  from space 3072K, 95% used [0x00000000d5c80000,0x00000000d5f5c860,0x00000000d5f80000)
  to   space 3072K, 0% used [0x00000000d5980000,0x00000000d5980000,0x00000000d5c80000)
 ParOldGen       total 468480K, used 300037K [0x0000000080000000, 0x000000009c980000, 0x00000000d5580000)
  object space 468480K, 64% used [0x0000000080000000,0x0000000092501518,0x000000009c980000)
 Metaspace       used 86657K, committed 88448K, reserved 1179648K
  class space    used 9022K, committed 9856K, reserved 1048576K
}
Event: 281.993 GC heap after
{Heap after GC invocations=983 (full 4):
 PSYoungGen      total 3584K, used 180K [0x00000000d5580000, 0x00000000d5d00000, 0x0000000100000000)
  eden space 3072K, 0% used [0x00000000d5580000,0x00000000d5580000,0x00000000d5880000)
  from space 512K, 35% used [0x00000000d5980000,0x00000000d59ad200,0x00000000d5a00000)
  to   space 1536K, 0% used [0x00000000d5b80000,0x00000000d5b80000,0x00000000d5d00000)
 ParOldGen       total 468480K, used 300637K [0x0000000080000000, 0x000000009c980000, 0x00000000d5580000)
  object space 468480K, 64% used [0x0000000080000000,0x0000000092597518,0x000000009c980000)
 Metaspace       used 86657K, committed 88448K, reserved 1179648K
  class space    used 9022K, committed 9856K, reserved 1048576K
}
Event: 282.393 GC heap before
{Heap before GC invocations=984 (full 4):
 PSYoungGen      total 3584K, used 3252K [0x00000000d5580000, 0x00000000d5d00000, 0x0000000100000000)
  eden space 3072K, 100% used [0x00000000d5580000,0x00000000d5880000,0x00000000d5880000)
  from space 512K, 35% used [0x00000000d5980000,0x00000000d59ad200,0x00000000d5a00000)
  to   space 1536K, 0% used [0x00000000d5b80000,0x00000000d5b80000,0x00000000d5d00000)
 ParOldGen       total 468480K, used 300637K [0x0000000080000000, 0x000000009c980000, 0x00000000d5580000)
  object space 468480K, 64% used [0x0000000080000000,0x0000000092597518,0x000000009c980000)
 Metaspace       used 86659K, committed 88448K, reserved 1179648K
  class space    used 9022K, committed 9856K, reserved 1048576K
}
Event: 282.396 GC heap after
{Heap after GC invocations=984 (full 4):
 PSYoungGen      total 3584K, used 128K [0x00000000d5580000, 0x00000000d5c00000, 0x0000000100000000)
  eden space 3072K, 0% used [0x00000000d5580000,0x00000000d5580000,0x00000000d5880000)
  from space 512K, 25% used [0x00000000d5b80000,0x00000000d5ba0000,0x00000000d5c00000)
  to   space 512K, 0% used [0x00000000d5980000,0x00000000d5980000,0x00000000d5a00000)
 ParOldGen       total 468480K, used 300661K [0x0000000080000000, 0x000000009c980000, 0x00000000d5580000)
  object space 468480K, 64% used [0x0000000080000000,0x000000009259d518,0x000000009c980000)
 Metaspace       used 86659K, committed 88448K, reserved 1179648K
  class space    used 9022K, committed 9856K, reserved 1048576K
}
Event: 282.414 GC heap before
{Heap before GC invocations=985 (full 4):
 PSYoungGen      total 3584K, used 3200K [0x00000000d5580000, 0x00000000d5c00000, 0x0000000100000000)
  eden space 3072K, 100% used [0x00000000d5580000,0x00000000d5880000,0x00000000d5880000)
  from space 512K, 25% used [0x00000000d5b80000,0x00000000d5ba0000,0x00000000d5c00000)
  to   space 512K, 0% used [0x00000000d5980000,0x00000000d5980000,0x00000000d5a00000)
 ParOldGen       total 468480K, used 300661K [0x0000000080000000, 0x000000009c980000, 0x00000000d5580000)
  object space 468480K, 64% used [0x0000000080000000,0x000000009259d518,0x000000009c980000)
 Metaspace       used 86662K, committed 88448K, reserved 1179648K
  class space    used 9022K, committed 9856K, reserved 1048576K
}
Event: 282.415 GC heap after
{Heap after GC invocations=985 (full 4):
 PSYoungGen      total 3584K, used 442K [0x00000000d5580000, 0x00000000d5c00000, 0x0000000100000000)
  eden space 3072K, 0% used [0x00000000d5580000,0x00000000d5580000,0x00000000d5880000)
  from space 512K, 86% used [0x00000000d5980000,0x00000000d59ee900,0x00000000d5a00000)
  to   space 512K, 0% used [0x00000000d5b80000,0x00000000d5b80000,0x00000000d5c00000)
 ParOldGen       total 468480K, used 300685K [0x0000000080000000, 0x000000009c980000, 0x00000000d5580000)
  object space 468480K, 64% used [0x0000000080000000,0x00000000925a3518,0x000000009c980000)
 Metaspace       used 86662K, committed 88448K, reserved 1179648K
  class space    used 9022K, committed 9856K, reserved 1048576K
}
Event: 282.895 GC heap before
{Heap before GC invocations=986 (full 4):
 PSYoungGen      total 3584K, used 3514K [0x00000000d5580000, 0x00000000d5c00000, 0x0000000100000000)
  eden space 3072K, 100% used [0x00000000d5580000,0x00000000d5880000,0x00000000d5880000)
  from space 512K, 86% used [0x00000000d5980000,0x00000000d59ee900,0x00000000d5a00000)
  to   space 512K, 0% used [0x00000000d5b80000,0x00000000d5b80000,0x00000000d5c00000)
 ParOldGen       total 468480K, used 300685K [0x0000000080000000, 0x000000009c980000, 0x00000000d5580000)
  object space 468480K, 64% used [0x0000000080000000,0x00000000925a3518,0x000000009c980000)
 Metaspace       used 86673K, committed 88448K, reserved 1179648K
  class space    used 9022K, committed 9856K, reserved 1048576K
}
Event: 282.900 GC heap after
{Heap after GC invocations=986 (full 4):
 PSYoungGen      total 3584K, used 436K [0x00000000d5580000, 0x00000000d5c00000, 0x0000000100000000)
  eden space 3072K, 0% used [0x00000000d5580000,0x00000000d5580000,0x00000000d5880000)
  from space 512K, 85% used [0x00000000d5b80000,0x00000000d5bed200,0x00000000d5c00000)
  to   space 512K, 0% used [0x00000000d5980000,0x00000000d5980000,0x00000000d5a00000)
 ParOldGen       total 468480K, used 301037K [0x0000000080000000, 0x000000009c980000, 0x00000000d5580000)
  object space 468480K, 64% used [0x0000000080000000,0x00000000925fb738,0x000000009c980000)
 Metaspace       used 86673K, committed 88448K, reserved 1179648K
  class space    used 9022K, committed 9856K, reserved 1048576K
}
Event: 282.914 GC heap before
{Heap before GC invocations=987 (full 4):
 PSYoungGen      total 3584K, used 3508K [0x00000000d5580000, 0x00000000d5c00000, 0x0000000100000000)
  eden space 3072K, 100% used [0x00000000d5580000,0x00000000d5880000,0x00000000d5880000)
  from space 512K, 85% used [0x00000000d5b80000,0x00000000d5bed200,0x00000000d5c00000)
  to   space 512K, 0% used [0x00000000d5980000,0x00000000d5980000,0x00000000d5a00000)
 ParOldGen       total 468480K, used 301037K [0x0000000080000000, 0x000000009c980000, 0x00000000d5580000)
  object space 468480K, 64% used [0x0000000080000000,0x00000000925fb738,0x000000009c980000)
 Metaspace       used 86674K, committed 88448K, reserved 1179648K
  class space    used 9022K, committed 9856K, reserved 1048576K
}
Event: 282.916 GC heap after
{Heap after GC invocations=987 (full 4):
 PSYoungGen      total 3584K, used 180K [0x00000000d5580000, 0x00000000d5c00000, 0x0000000100000000)
  eden space 3072K, 0% used [0x00000000d5580000,0x00000000d5580000,0x00000000d5880000)
  from space 512K, 35% used [0x00000000d5980000,0x00000000d59ad200,0x00000000d5a00000)
  to   space 512K, 0% used [0x00000000d5b80000,0x00000000d5b80000,0x00000000d5c00000)
 ParOldGen       total 468480K, used 301301K [0x0000000080000000, 0x000000009c980000, 0x00000000d5580000)
  object space 468480K, 64% used [0x0000000080000000,0x000000009263d738,0x000000009c980000)
 Metaspace       used 86674K, committed 88448K, reserved 1179648K
  class space    used 9022K, committed 9856K, reserved 1048576K
}
Event: 308.301 GC heap before
{Heap before GC invocations=988 (full 4):
 PSYoungGen      total 3584K, used 3246K [0x00000000d5580000, 0x00000000d5c00000, 0x0000000100000000)
  eden space 3072K, 99% used [0x00000000d5580000,0x00000000d587e6f8,0x00000000d5880000)
  from space 512K, 35% used [0x00000000d5980000,0x00000000d59ad200,0x00000000d5a00000)
  to   space 512K, 0% used [0x00000000d5b80000,0x00000000d5b80000,0x00000000d5c00000)
 ParOldGen       total 468480K, used 301301K [0x0000000080000000, 0x000000009c980000, 0x00000000d5580000)
  object space 468480K, 64% used [0x0000000080000000,0x000000009263d738,0x000000009c980000)
 Metaspace       used 86733K, committed 88640K, reserved 1179648K
  class space    used 9034K, committed 9920K, reserved 1048576K
}
Event: 308.303 GC heap after
{Heap after GC invocations=988 (full 4):
 PSYoungGen      total 3584K, used 129K [0x00000000d5580000, 0x00000000d5c00000, 0x0000000100000000)
  eden space 3072K, 0% used [0x00000000d5580000,0x00000000d5580000,0x00000000d5880000)
  from space 512K, 25% used [0x00000000d5b80000,0x00000000d5ba0540,0x00000000d5c00000)
  to   space 512K, 0% used [0x00000000d5980000,0x00000000d5980000,0x00000000d5a00000)
 ParOldGen       total 468480K, used 301309K [0x0000000080000000, 0x000000009c980000, 0x00000000d5580000)
  object space 468480K, 64% used [0x0000000080000000,0x000000009263f738,0x000000009c980000)
 Metaspace       used 86733K, committed 88640K, reserved 1179648K
  class space    used 9034K, committed 9920K, reserved 1048576K
}

